<?xml version="1.0" encoding="UTF-8"?>
<!-- Generated by org.testng.reporters.JUnitReportReporter -->
<testsuite skipped="0" hostname="DESKTOP-RPHKEG2" name="Demo1" tests="1" failures="0" timestamp="23 May 2019 05:10:51 GMT" time="10.445" errors="0">
  <testcase name="m1" time="10.445" classname="Demo1"/>
</testsuite> <!-- Demo1 -->
